app/build/intermediates/manifest_merge_blame_file/debug/processDebugMainManifest/manifest-merger-blame-debug-report.txt
1<?xml version="1.0" encoding="utf-8"?>
2<manifest xmlns:android="http://schemas.android.com/apk/res/android"
3    package="com.tencent.yolov8ncnn"
4    android:versionCode="1"
5    android:versionName="1.1" >
6
7    <uses-sdk
8        android:minSdkVersion="24"
9        android:targetSdkVersion="24" />
10
11    <uses-permission android:name="android.permission.CAMERA" />
11-->src/main/AndroidManifest.xml:7:5-65
11-->src/main/AndroidManifest.xml:7:22-62
12    <uses-permission android:name="android.permission.INTERNET" />
12-->src/main/AndroidManifest.xml:8:5-67
12-->src/main/AndroidManifest.xml:8:22-64
13
14    <uses-feature android:name="android.hardware.camera2.full" />
14-->src/main/AndroidManifest.xml:12:5-66
14-->src/main/AndroidManifest.xml:12:19-63
15
16    <uses-permission android:name="android.permission.READ_EXTERNAL_STORAGE" /> <!-- 读写权限 -->
16-->src/main/AndroidManifest.xml:14:5-80
16-->src/main/AndroidManifest.xml:14:22-77
17    <uses-permission android:name="android.permission.WRITE_EXTERNAL_STORAGE" />
17-->src/main/AndroidManifest.xml:15:5-81
17-->src/main/AndroidManifest.xml:15:22-78
18    <uses-permission android:name="android.permission.READ_EXTERNAL_STORAGE" />
18-->src/main/AndroidManifest.xml:14:5-80
18-->src/main/AndroidManifest.xml:14:22-77
19
20    <application
20-->src/main/AndroidManifest.xml:18:5-43:19
21        android:debuggable="true"
22        android:extractNativeLibs="false"
23        android:label="@string/app_name"
23-->src/main/AndroidManifest.xml:19:9-41
24        android:supportsRtl="true"
24-->src/main/AndroidManifest.xml:20:9-35
25        android:testOnly="true" >
26        <activity
26-->src/main/AndroidManifest.xml:22:9-24:40
27            android:name="com.tencent.yolov8ncnn.ces"
27-->src/main/AndroidManifest.xml:23:13-32
28            android:exported="false" />
28-->src/main/AndroidManifest.xml:24:13-37
29        <activity
29-->src/main/AndroidManifest.xml:26:9-27:39
30            android:name="com.tencent.yolov8ncnn.No_network"
30-->src/main/AndroidManifest.xml:26:19-45
31            android:exported="false" />
31-->src/main/AndroidManifest.xml:27:13-37
32        <activity
32-->src/main/AndroidManifest.xml:28:9-29:39
33            android:name="com.tencent.yolov8ncnn.yes_network"
33-->src/main/AndroidManifest.xml:28:19-46
34            android:exported="false" />
34-->src/main/AndroidManifest.xml:29:13-37
35        <activity
35-->src/main/AndroidManifest.xml:30:9-32:40
36            android:name="com.tencent.yolov8ncnn.MainActivity"
36-->src/main/AndroidManifest.xml:31:13-41
37            android:exported="false" />
37-->src/main/AndroidManifest.xml:32:13-37
38        <activity
38-->src/main/AndroidManifest.xml:33:9-42:20
39            android:name="com.tencent.yolov8ncnn.WelcomeActivity"
39-->src/main/AndroidManifest.xml:34:13-44
40            android:label="@string/app_name"
40-->src/main/AndroidManifest.xml:35:13-45
41            android:screenOrientation="portrait" >
41-->src/main/AndroidManifest.xml:36:13-49
42            <intent-filter>
42-->src/main/AndroidManifest.xml:37:13-41:29
43                <action android:name="android.intent.action.MAIN" />
43-->src/main/AndroidManifest.xml:38:17-69
43-->src/main/AndroidManifest.xml:38:25-66
44
45                <category android:name="android.intent.category.LAUNCHER" />
45-->src/main/AndroidManifest.xml:40:17-77
45-->src/main/AndroidManifest.xml:40:27-74
46            </intent-filter>
47        </activity>
48    </application>
49
50</manifest>